2019-04-02 15:12:37,323 accountservice INFO Starting SpringbootElkLoggerApplication on WKSBAN29RBW1060 with PID 11240 (C:\Users\Mekala.Nagendra\git\practies-workspace\springboot-elk-logger\target\classes started by Mekala.Nagendra in C:\Users\Mekala.Nagendra\git\practies-workspace\springboot-elk-logger)
2019-04-02 15:12:37,323 accountservice INFO No active profile set, falling back to default profiles: default
2019-04-02 15:12:38,166 accountservice INFO Bean 'org.springframework.hateoas.config.HateoasConfiguration' of type [org.springframework.hateoas.config.HateoasConfiguration$$EnhancerBySpringCGLIB$$f19521d9] is not eligible for getting processed by all BeanPostProcessors (for example: not eligible for auto-proxying)
2019-04-02 15:12:38,431 accountservice INFO Tomcat initialized with port(s): 7777 (http)
2019-04-02 15:12:38,432 accountservice INFO Starting service [Tomcat]
2019-04-02 15:12:38,432 accountservice INFO Starting Servlet engine: [Apache Tomcat/9.0.16]
2019-04-02 15:12:38,432 accountservice INFO The APR based Apache Tomcat Native library which allows optimal performance in production environments was not found on the java.library.path: [C:\Program Files\Java\jdk1.8.0_141\bin;C:\windows\Sun\Java\bin;C:\windows\system32;C:\windows;C:/Program Files/Java/jdk1.8.0_141/bin/../jre/bin/server;C:/Program Files/Java/jdk1.8.0_141/bin/../jre/bin;C:/Program Files/Java/jdk1.8.0_141/bin/../jre/lib/amd64;C:\Program Files (x86)\Intel\iCLS Client\;C:\Program Files\Intel\iCLS Client\;C:\windows\system32;C:\windows;C:\windows\System32\Wbem;C:\windows\System32\WindowsPowerShell\v1.0\;C:\windows\System32\WindowsPowerShell\v1.0\;C:\Program Files (x86)\Intel\Intel(R) Management Engine Components\DAL;C:\Program Files\Intel\Intel(R) Management Engine Components\DAL;C:\Program Files (x86)\Intel\Intel(R) Management Engine Components\IPT;C:\Program Files\Intel\Intel(R) Management Engine Components\IPT;C:\Program Files\Java\jdk1.8.0_141\bin;C:\apache-maven-3.5.0\\bin;C:\spark\spark-2.2.1-bin-hadoop2.7\bin;D:\NewTec\scala-2.11.8\scala-2.11.8\bin;C:\spark\winutils\bin;C:\windows\System32\WindowsPowerShell\v1.0\;C:\Program Files\nodejs;C:\scala\sbt-1.1.1\sbt\bin;C:\Program Files\Cloud Foundry;C:\Program Files\nodejs;C:\gradle-4.10.2\bin;C:\windows\System32\WindowsPowerShell\v1.0\;C:\Users\Mekala.Nagendra\AppData\Roaming\npm;D:\sts-4.0.1.RELEASE;;.]
2019-04-02 15:12:38,525 accountservice INFO Initializing Spring embedded WebApplicationContext
2019-04-02 15:12:38,525 accountservice INFO Root WebApplicationContext: initialization completed in 1171 ms
2019-04-02 15:12:39,508 accountservice INFO Initializing ExecutorService 'applicationTaskExecutor'
2019-04-02 15:12:39,852 accountservice INFO Exposing 15 endpoint(s) beneath base path '/actuator'
2019-04-02 15:12:39,930 accountservice INFO Tomcat started on port(s): 7777 (http) with context path ''
2019-04-02 15:12:39,930 accountservice INFO Started SpringbootElkLoggerApplication in 2.826 seconds (JVM running for 3.449)
2019-04-02 15:13:16,901 accountservice INFO Initializing Spring DispatcherServlet 'dispatcherServlet'
2019-04-02 15:13:16,901 accountservice INFO Initializing Servlet 'dispatcherServlet'
2019-04-02 15:13:16,920 accountservice INFO Completed initialization in 19 ms
2019-04-02 15:13:16,946 accountservice INFO Welcome to javainuseTue Apr 02 15:13:16 IST 2019
2019-04-02 15:13:18,143 accountservice INFO Welcome to javainuseTue Apr 02 15:13:18 IST 2019
2019-04-02 15:13:18,384 accountservice INFO Welcome to javainuseTue Apr 02 15:13:18 IST 2019
2019-04-02 15:13:18,617 accountservice INFO Welcome to javainuseTue Apr 02 15:13:18 IST 2019
2019-04-02 15:13:18,821 accountservice INFO Welcome to javainuseTue Apr 02 15:13:18 IST 2019
2019-04-02 15:13:19,036 accountservice INFO Welcome to javainuseTue Apr 02 15:13:19 IST 2019
2019-04-02 15:13:19,246 accountservice INFO Welcome to javainuseTue Apr 02 15:13:19 IST 2019
2019-04-02 15:13:40,471 accountservice INFO Application shutdown requested.
2019-04-02 15:13:40,471 accountservice INFO Shutting down ExecutorService 'applicationTaskExecutor'
